<?xml version="1.0" encoding="UTF-8"?>
<!-- Generated by org.testng.reporters.JUnitReportReporter -->
<testsuite skipped="0" hostname="Ramesh-RN" name="keyworddrivenframework.DataEngine" tests="10" failures="0" timestamp="16 Jun 2017 12:06:22 GMT" time="88.454" errors="0">
  <testcase name="performAction" time="0.006" classname="keyworddrivenframework.DataEngine"/>
  <testcase name="performAction" time="0.092" classname="keyworddrivenframework.DataEngine"/>
  <testcase name="performAction" time="11.902" classname="keyworddrivenframework.DataEngine"/>
  <testcase name="performAction" time="0.008" classname="keyworddrivenframework.DataEngine"/>
  <testcase name="performAction" time="0.106" classname="keyworddrivenframework.DataEngine"/>
  <testcase name="performAction" time="0.005" classname="keyworddrivenframework.DataEngine"/>
  <testcase name="performAction" time="6.872" classname="keyworddrivenframework.DataEngine"/>
  <testcase name="performAction" time="0.084" classname="keyworddrivenframework.DataEngine"/>
  <testcase name="performAction" time="61.567" classname="keyworddrivenframework.DataEngine"/>
  <testcase name="performAction" time="7.812" classname="keyworddrivenframework.DataEngine"/>
</testsuite> <!-- keyworddrivenframework.DataEngine -->
