<?xml version="1.0" encoding="UTF-8"?>
<!-- Generated by org.testng.reporters.JUnitReportReporter -->
<testsuite skipped="0" hostname="Ramesh-RN" name="keyworddrivenframework.TestServiceNow" tests="10" failures="0" timestamp="27 Jun 2017 07:30:51 GMT" time="22.952" errors="0">
  <testcase name="performAction" time="8.009" classname="keyworddrivenframework.TestServiceNow"/>
  <testcase name="performAction" time="1.155" classname="keyworddrivenframework.TestServiceNow"/>
  <testcase name="performAction" time="5.808" classname="keyworddrivenframework.TestServiceNow"/>
  <testcase name="performAction" time="0.013" classname="keyworddrivenframework.TestServiceNow"/>
  <testcase name="performAction" time="3.337" classname="keyworddrivenframework.TestServiceNow"/>
  <testcase name="performAction" time="3.447" classname="keyworddrivenframework.TestServiceNow"/>
  <testcase name="performAction" time="0.080" classname="keyworddrivenframework.TestServiceNow"/>
  <testcase name="performAction" time="0.251" classname="keyworddrivenframework.TestServiceNow"/>
  <testcase name="performAction" time="0.149" classname="keyworddrivenframework.TestServiceNow"/>
  <testcase name="performAction" time="0.703" classname="keyworddrivenframework.TestServiceNow"/>
</testsuite> <!-- keyworddrivenframework.TestServiceNow -->
